<?xml version="1.0" encoding="UTF-8"?>
<testng-results skipped="0" failed="0" total="2" passed="2">
  <reporter-output>
  </reporter-output>
  <suite name="Default suite" duration-ms="28401" started-at="2013-01-16T00:53:42Z" finished-at="2013-01-16T00:54:10Z">
    <groups>
    </groups>
    <test name="Default test" duration-ms="28401" started-at="2013-01-16T00:53:42Z" finished-at="2013-01-16T00:54:10Z">
      <class name="Ace_POM_Tests.SignUpTest">
        <test-method status="PASS" signature="beforeClass()[pri:0, instance:Ace_POM_Tests.SignUpTest@1a51ce0]" name="beforeClass" is-config="true" duration-ms="6840" started-at="2013-01-16T00:53:42Z" finished-at="2013-01-16T00:53:49Z">
          <reporter-output>
          </reporter-output>
        </test-method> <!-- beforeClass -->
        <test-method status="PASS" signature="test()[pri:0, instance:Ace_POM_Tests.SignUpTest@1a51ce0]" name="test" duration-ms="10048" started-at="2013-01-16T00:53:49Z" finished-at="2013-01-16T00:53:59Z">
          <reporter-output>
          </reporter-output>
        </test-method> <!-- test -->
        <test-method status="PASS" signature="afterClass()[pri:0, instance:Ace_POM_Tests.SignUpTest@1a51ce0]" name="afterClass" is-config="true" duration-ms="124" started-at="2013-01-16T00:53:59Z" finished-at="2013-01-16T00:53:59Z">
          <reporter-output>
          </reporter-output>
        </test-method> <!-- afterClass -->
      </class> <!-- Ace_POM_Tests.SignUpTest -->
      <class name="Ace_POM_Tests.SmokeTest">
        <test-method status="PASS" signature="beforeClass()[pri:0, instance:Ace_POM_Tests.SmokeTest@1804e4]" name="beforeClass" is-config="true" duration-ms="5175" started-at="2013-01-16T00:53:59Z" finished-at="2013-01-16T00:54:04Z">
          <reporter-output>
          </reporter-output>
        </test-method> <!-- beforeClass -->
        <test-method status="PASS" signature="smokeTest()[pri:0, instance:Ace_POM_Tests.SmokeTest@1804e4]" name="smokeTest" duration-ms="6034" started-at="2013-01-16T00:54:04Z" finished-at="2013-01-16T00:54:10Z">
          <reporter-output>
          </reporter-output>
        </test-method> <!-- smokeTest -->
        <test-method status="PASS" signature="afterClass()[pri:0, instance:Ace_POM_Tests.SmokeTest@1804e4]" name="afterClass" is-config="true" duration-ms="156" started-at="2013-01-16T00:54:10Z" finished-at="2013-01-16T00:54:10Z">
          <reporter-output>
          </reporter-output>
        </test-method> <!-- afterClass -->
      </class> <!-- Ace_POM_Tests.SmokeTest -->
    </test> <!-- Default test -->
  </suite> <!-- Default suite -->
</testng-results>
